{"C:\\Users\\MONDERU PC\\Desktop\\Projects\\InDepthJS\\LinkedLists\\list.js": {"path":"C:\\Users\\MONDERU PC\\Desktop\\Projects\\InDepthJS\\LinkedLists\\list.js","statementMap":{"0":{"start":{"line":4,"column":2},"end":{"line":4,"column":19}},"1":{"start":{"line":5,"column":2},"end":{"line":5,"column":18}},"2":{"start":{"line":10,"column":18},"end":{"line":10,"column":53}},"3":{"start":{"line":11,"column":2},"end":{"line":11,"column":21}},"4":{"start":{"line":12,"column":2},"end":{"line":12,"column":15}},"5":{"start":{"line":16,"column":2},"end":{"line":16,"column":50}},"6":{"start":{"line":16,"column":39},"end":{"line":16,"column":50}},"7":{"start":{"line":18,"column":16},"end":{"line":18,"column":25}},"8":{"start":{"line":19,"column":2},"end":{"line":21,"column":3}},"9":{"start":{"line":19,"column":12},"end":{"line":19,"column":13}},"10":{"start":{"line":20,"column":3},"end":{"line":20,"column":25}},"11":{"start":{"line":22,"column":2},"end":{"line":22,"column":16}},"12":{"start":{"line":26,"column":14},"end":{"line":26,"column":16}},"13":{"start":{"line":27,"column":16},"end":{"line":27,"column":25}},"14":{"start":{"line":28,"column":2},"end":{"line":31,"column":3}},"15":{"start":{"line":29,"column":3},"end":{"line":29,"column":42}},"16":{"start":{"line":30,"column":3},"end":{"line":30,"column":25}},"17":{"start":{"line":32,"column":2},"end":{"line":32,"column":30}},"18":{"start":{"line":37,"column":2},"end":{"line":37,"column":49}},"19":{"start":{"line":37,"column":18},"end":{"line":37,"column":49}},"20":{"start":{"line":39,"column":15},"end":{"line":39,"column":40}},"21":{"start":{"line":40,"column":2},"end":{"line":40,"column":30}},"22":{"start":{"line":40,"column":19},"end":{"line":40,"column":30}},"23":{"start":{"line":41,"column":2},"end":{"line":41,"column":50}},"24":{"start":{"line":42,"column":2},"end":{"line":42,"column":15}},"25":{"start":{"line":45,"column":2},"end":{"line":45,"column":27}},"26":{"start":{"line":46,"column":2},"end":{"line":46,"column":15}},"27":{"start":{"line":49,"column":2},"end":{"line":49,"column":42}},"28":{"start":{"line":49,"column":18},"end":{"line":49,"column":42}},"29":{"start":{"line":51,"column":15},"end":{"line":51,"column":40}},"30":{"start":{"line":52,"column":2},"end":{"line":52,"column":30}},"31":{"start":{"line":52,"column":19},"end":{"line":52,"column":30}},"32":{"start":{"line":53,"column":2},"end":{"line":53,"column":28}},"33":{"start":{"line":54,"column":2},"end":{"line":54,"column":15}},"34":{"start":{"line":62,"column":1},"end":{"line":62,"column":19}},"35":{"start":{"line":63,"column":1},"end":{"line":63,"column":17}},"36":{"start":{"line":67,"column":0},"end":{"line":73,"column":1}},"37":{"start":{"line":68,"column":12},"end":{"line":68,"column":28}},"38":{"start":{"line":69,"column":1},"end":{"line":71,"column":2}},"39":{"start":{"line":69,"column":13},"end":{"line":69,"column":29}},"40":{"start":{"line":70,"column":2},"end":{"line":70,"column":28}},"41":{"start":{"line":72,"column":1},"end":{"line":72,"column":10}},"42":{"start":{"line":74,"column":0},"end":{"line":74,"column":27}}},"fnMap":{"0":{"name":"(anonymous_0)","decl":{"start":{"line":3,"column":1},"end":{"line":3,"column":2}},"loc":{"start":{"line":3,"column":14},"end":{"line":6,"column":2}},"line":3},"1":{"name":"(anonymous_1)","decl":{"start":{"line":9,"column":1},"end":{"line":9,"column":2}},"loc":{"start":{"line":9,"column":19},"end":{"line":13,"column":2}},"line":9},"2":{"name":"(anonymous_2)","decl":{"start":{"line":15,"column":1},"end":{"line":15,"column":2}},"loc":{"start":{"line":15,"column":18},"end":{"line":23,"column":2}},"line":15},"3":{"name":"(anonymous_3)","decl":{"start":{"line":25,"column":1},"end":{"line":25,"column":2}},"loc":{"start":{"line":25,"column":8},"end":{"line":33,"column":2}},"line":25},"4":{"name":"(anonymous_4)","decl":{"start":{"line":35,"column":1},"end":{"line":35,"column":2}},"loc":{"start":{"line":35,"column":28},"end":{"line":43,"column":2}},"line":35},"5":{"name":"(anonymous_5)","decl":{"start":{"line":44,"column":1},"end":{"line":44,"column":2}},"loc":{"start":{"line":44,"column":13},"end":{"line":47,"column":2}},"line":44},"6":{"name":"(anonymous_6)","decl":{"start":{"line":48,"column":1},"end":{"line":48,"column":2}},"loc":{"start":{"line":48,"column":21},"end":{"line":55,"column":2}},"line":48},"7":{"name":"(anonymous_7)","decl":{"start":{"line":61,"column":0},"end":{"line":61,"column":1}},"loc":{"start":{"line":61,"column":24},"end":{"line":64,"column":1}},"line":61},"8":{"name":"(anonymous_8)","decl":{"start":{"line":67,"column":24},"end":{"line":67,"column":25}},"loc":{"start":{"line":67,"column":43},"end":{"line":73,"column":1}},"line":67}},"branchMap":{"0":{"loc":{"start":{"line":16,"column":2},"end":{"line":16,"column":50}},"type":"if","locations":[{"start":{"line":16,"column":2},"end":{"line":16,"column":50}},{"start":{},"end":{}}],"line":16},"1":{"loc":{"start":{"line":16,"column":5},"end":{"line":16,"column":37}},"type":"binary-expr","locations":[{"start":{"line":16,"column":5},"end":{"line":16,"column":14}},{"start":{"line":16,"column":18},"end":{"line":16,"column":37}}],"line":16},"2":{"loc":{"start":{"line":37,"column":2},"end":{"line":37,"column":49}},"type":"if","locations":[{"start":{"line":37,"column":2},"end":{"line":37,"column":49}},{"start":{},"end":{}}],"line":37},"3":{"loc":{"start":{"line":40,"column":2},"end":{"line":40,"column":30}},"type":"if","locations":[{"start":{"line":40,"column":2},"end":{"line":40,"column":30}},{"start":{},"end":{}}],"line":40},"4":{"loc":{"start":{"line":49,"column":2},"end":{"line":49,"column":42}},"type":"if","locations":[{"start":{"line":49,"column":2},"end":{"line":49,"column":42}},{"start":{},"end":{}}],"line":49},"5":{"loc":{"start":{"line":52,"column":2},"end":{"line":52,"column":30}},"type":"if","locations":[{"start":{"line":52,"column":2},"end":{"line":52,"column":30}},{"start":{},"end":{}}],"line":52}},"s":{"0":14,"1":14,"2":38,"3":38,"4":38,"5":12,"6":6,"7":6,"8":6,"9":6,"10":7,"11":6,"12":0,"13":0,"14":0,"15":0,"16":0,"17":0,"18":4,"19":1,"20":3,"21":3,"22":2,"23":1,"24":1,"25":2,"26":2,"27":4,"28":1,"29":3,"30":3,"31":2,"32":1,"33":1,"34":39,"35":39,"36":1,"37":13,"38":13,"39":13,"40":35,"41":13,"42":1},"f":{"0":14,"1":38,"2":12,"3":0,"4":4,"5":2,"6":4,"7":39,"8":13},"b":{"0":[6,6],"1":[12,9],"2":[1,3],"3":[2,1],"4":[1,3],"5":[2,1]},"_coverageSchema":"1a1c01bbd47fc00a2c39e90264f33305004495a9","hash":"6572a7ba65c7085688fc0deeca5e29ba11c1c691"}
}
