TN:
SF:LinkedLists\list.js
FN:3,(anonymous_0)
FN:9,(anonymous_1)
FN:15,(anonymous_2)
FN:25,(anonymous_3)
FN:35,(anonymous_4)
FN:44,(anonymous_5)
FN:48,(anonymous_6)
FN:61,(anonymous_7)
FN:67,(anonymous_8)
FNF:9
FNH:8
FNDA:14,(anonymous_0)
FNDA:38,(anonymous_1)
FNDA:12,(anonymous_2)
FNDA:0,(anonymous_3)
FNDA:4,(anonymous_4)
FNDA:2,(anonymous_5)
FNDA:4,(anonymous_6)
FNDA:39,(anonymous_7)
FNDA:13,(anonymous_8)
DA:4,14
DA:5,14
DA:10,38
DA:11,38
DA:12,38
DA:16,12
DA:18,6
DA:19,6
DA:20,7
DA:22,6
DA:26,0
DA:27,0
DA:28,0
DA:29,0
DA:30,0
DA:32,0
DA:37,4
DA:39,3
DA:40,3
DA:41,1
DA:42,1
DA:45,2
DA:46,2
DA:49,4
DA:51,3
DA:52,3
DA:53,1
DA:54,1
DA:62,39
DA:63,39
DA:67,1
DA:68,13
DA:69,13
DA:70,35
DA:72,13
DA:74,1
LF:36
LH:30
BRDA:16,0,0,6
BRDA:16,0,1,6
BRDA:16,1,0,12
BRDA:16,1,1,9
BRDA:37,2,0,1
BRDA:37,2,1,3
BRDA:40,3,0,2
BRDA:40,3,1,1
BRDA:49,4,0,1
BRDA:49,4,1,3
BRDA:52,5,0,2
BRDA:52,5,1,1
BRF:12
BRH:12
end_of_record
